2023-08-18T15:57:29.605+09:00  INFO 10128 --- [main] com.seminarhub.SeminarHubEureka          : Starting SeminarHubEureka using Java 17.0.6 with PID 10128 (C:\Users\user\IdeaProjects\seminar-hub\seminarhub-eureka-server\out\production\classes started by user in C:\Users\user\IdeaProjects\seminar-hub)
2023-08-18T15:57:29.617+09:00  INFO 10128 --- [main] com.seminarhub.SeminarHubEureka          : No active profile set, falling back to 1 default profile: "default"
2023-08-18T15:57:30.713+09:00  INFO 10128 --- [main] o.s.cloud.context.scope.GenericScope     : BeanFactory id=a74f629e-ee6f-3a66-9517-d8a24232281a
2023-08-18T15:57:31.077+09:00  INFO 10128 --- [main] o.s.b.w.embedded.tomcat.TomcatWebServer  : Tomcat initialized with port(s): 8761 (http)
2023-08-18T15:57:31.086+09:00  INFO 10128 --- [main] o.apache.catalina.core.StandardService   : Starting service [Tomcat]
2023-08-18T15:57:31.086+09:00  INFO 10128 --- [main] o.apache.catalina.core.StandardEngine    : Starting Servlet engine: [Apache Tomcat/10.1.5]
2023-08-18T15:57:31.205+09:00  INFO 10128 --- [main] o.a.c.c.C.[Tomcat].[localhost].[/]       : Initializing Spring embedded WebApplicationContext
2023-08-18T15:57:31.205+09:00  INFO 10128 --- [main] w.s.c.ServletWebServerApplicationContext : Root WebApplicationContext: initialization completed in 1523 ms
2023-08-18T15:57:32.096+09:00  INFO 10128 --- [main] c.n.d.provider.DiscoveryJerseyProvider   : Using JSON encoding codec LegacyJacksonJson
2023-08-18T15:57:32.098+09:00  INFO 10128 --- [main] c.n.d.provider.DiscoveryJerseyProvider   : Using JSON decoding codec LegacyJacksonJson
2023-08-18T15:57:32.253+09:00  INFO 10128 --- [main] c.n.d.provider.DiscoveryJerseyProvider   : Using XML encoding codec XStreamXml
2023-08-18T15:57:32.253+09:00  INFO 10128 --- [main] c.n.d.provider.DiscoveryJerseyProvider   : Using XML decoding codec XStreamXml
2023-08-18T15:57:33.972+09:00  INFO 10128 --- [main] o.s.cloud.commons.util.InetUtils         : Cannot determine local hostname
2023-08-18T15:57:35.317+09:00  INFO 10128 --- [main] o.s.cloud.commons.util.InetUtils         : Cannot determine local hostname
2023-08-18T15:57:35.361+09:00  WARN 10128 --- [main] iguration$LoadBalancerCaffeineWarnLogger : Spring Cloud LoadBalancer is currently working with the default cache. While this cache implementation is useful for development and tests, it's recommended to use Caffeine cache in production.You can switch to using Caffeine cache, by adding it and org.springframework.cache.caffeine.CaffeineCacheManager to the classpath.
2023-08-18T15:57:35.382+09:00  INFO 10128 --- [main] o.s.c.n.eureka.InstanceInfoFactory       : Setting initial instance status as: STARTING
2023-08-18T15:57:35.418+09:00  INFO 10128 --- [main] com.netflix.discovery.DiscoveryClient    : Initializing Eureka in region us-east-1
2023-08-18T15:57:35.419+09:00  INFO 10128 --- [main] com.netflix.discovery.DiscoveryClient    : Client configured to neither register nor query for data.
2023-08-18T15:57:35.435+09:00  INFO 10128 --- [main] com.netflix.discovery.DiscoveryClient    : Discovery Client initialized at timestamp 1692341855433 with initial instances count: 0
2023-08-18T15:57:35.473+09:00  INFO 10128 --- [main] c.n.eureka.DefaultEurekaServerContext    : Initializing ...
2023-08-18T15:57:35.475+09:00  WARN 10128 --- [main] c.n.eureka.cluster.PeerEurekaNodes       : The replica size seems to be empty. Check the route 53 DNS Registry
2023-08-18T15:57:35.531+09:00  INFO 10128 --- [main] c.n.e.registry.AbstractInstanceRegistry  : Finished initializing remote region registries. All known remote regions: []
2023-08-18T15:57:35.532+09:00  INFO 10128 --- [main] c.n.eureka.DefaultEurekaServerContext    : Initialized
2023-08-18T15:57:35.544+09:00  INFO 10128 --- [main] o.s.b.a.e.web.EndpointLinksResolver      : Exposing 1 endpoint(s) beneath base path '/actuator'
2023-08-18T15:57:35.588+09:00  INFO 10128 --- [main] o.s.c.n.e.s.EurekaServiceRegistry        : Registering application SEMINARHUB-EUREKA-SERVER with eureka with status UP
2023-08-18T15:57:35.605+09:00  INFO 10128 --- [Thread-9] o.s.c.n.e.server.EurekaServerBootstrap   : isAws returned false
2023-08-18T15:57:35.606+09:00  INFO 10128 --- [Thread-9] o.s.c.n.e.server.EurekaServerBootstrap   : Initialized server context
2023-08-18T15:57:35.606+09:00  INFO 10128 --- [Thread-9] c.n.e.r.PeerAwareInstanceRegistryImpl    : Got 1 instances from neighboring DS node
2023-08-18T15:57:35.606+09:00  INFO 10128 --- [Thread-9] c.n.e.r.PeerAwareInstanceRegistryImpl    : Renew threshold is: 1
2023-08-18T15:57:35.606+09:00  INFO 10128 --- [Thread-9] c.n.e.r.PeerAwareInstanceRegistryImpl    : Changing status to UP
2023-08-18T15:57:35.615+09:00  INFO 10128 --- [Thread-9] e.s.EurekaServerInitializerConfiguration : Started Eureka Server
2023-08-18T15:57:35.625+09:00  INFO 10128 --- [main] o.s.b.w.embedded.tomcat.TomcatWebServer  : Tomcat started on port(s): 8761 (http) with context path ''
2023-08-18T15:57:35.628+09:00  INFO 10128 --- [main] .s.c.n.e.s.EurekaAutoServiceRegistration : Updating port to 8761
2023-08-18T15:57:36.743+09:00  INFO 10128 --- [main] o.s.cloud.commons.util.InetUtils         : Cannot determine local hostname
2023-08-18T15:57:36.757+09:00  INFO 10128 --- [main] com.seminarhub.SeminarHubEureka          : Started SeminarHubEureka in 8.808 seconds (process running for 9.375)
2023-08-18T15:58:10.396+09:00  INFO 10128 --- [http-nio-8761-exec-1] o.a.c.c.C.[Tomcat].[localhost].[/]       : Initializing Spring DispatcherServlet 'dispatcherServlet'
2023-08-18T15:58:10.397+09:00  INFO 10128 --- [http-nio-8761-exec-1] o.s.web.servlet.DispatcherServlet        : Initializing Servlet 'dispatcherServlet'
2023-08-18T15:58:10.398+09:00  INFO 10128 --- [http-nio-8761-exec-1] o.s.web.servlet.DispatcherServlet        : Completed initialization in 1 ms
2023-08-18T15:58:10.608+09:00  INFO 10128 --- [http-nio-8761-exec-2] c.n.e.registry.AbstractInstanceRegistry  : Registered instance SEMINARHUB-MEMBER-API-DEV/192.168.56.1:ad7d0976ec39aa83844dbb67dee46764 with status UP (replication=false)
2023-08-18T15:58:35.608+09:00  INFO 10128 --- [Eureka-EvictionTimer] c.n.e.registry.AbstractInstanceRegistry  : Running the evict task with compensationTime 0ms
2023-08-18T15:59:35.608+09:00  INFO 10128 --- [Eureka-EvictionTimer] c.n.e.registry.AbstractInstanceRegistry  : Running the evict task with compensationTime 0ms
2023-08-18T16:00:35.609+09:00  INFO 10128 --- [Eureka-EvictionTimer] c.n.e.registry.AbstractInstanceRegistry  : Running the evict task with compensationTime 0ms
2023-08-18T16:01:35.610+09:00  INFO 10128 --- [Eureka-EvictionTimer] c.n.e.registry.AbstractInstanceRegistry  : Running the evict task with compensationTime 0ms
2023-08-18T16:02:35.611+09:00  INFO 10128 --- [Eureka-EvictionTimer] c.n.e.registry.AbstractInstanceRegistry  : Running the evict task with compensationTime 0ms
2023-08-18T16:03:35.611+09:00  INFO 10128 --- [Eureka-EvictionTimer] c.n.e.registry.AbstractInstanceRegistry  : Running the evict task with compensationTime 0ms
2023-08-18T16:04:35.612+09:00  INFO 10128 --- [Eureka-EvictionTimer] c.n.e.registry.AbstractInstanceRegistry  : Running the evict task with compensationTime 0ms
2023-08-18T16:05:35.613+09:00  INFO 10128 --- [Eureka-EvictionTimer] c.n.e.registry.AbstractInstanceRegistry  : Running the evict task with compensationTime 0ms
2023-08-18T16:06:35.614+09:00  INFO 10128 --- [Eureka-EvictionTimer] c.n.e.registry.AbstractInstanceRegistry  : Running the evict task with compensationTime 0ms
2023-08-18T16:07:35.477+09:00  WARN 10128 --- [Eureka-PeerNodesUpdater] c.n.eureka.cluster.PeerEurekaNodes       : The replica size seems to be empty. Check the route 53 DNS Registry
2023-08-18T16:07:35.614+09:00  INFO 10128 --- [Eureka-EvictionTimer] c.n.e.registry.AbstractInstanceRegistry  : Running the evict task with compensationTime 0ms
2023-08-18T16:08:35.615+09:00  INFO 10128 --- [Eureka-EvictionTimer] c.n.e.registry.AbstractInstanceRegistry  : Running the evict task with compensationTime 0ms
2023-08-18T16:09:35.615+09:00  INFO 10128 --- [Eureka-EvictionTimer] c.n.e.registry.AbstractInstanceRegistry  : Running the evict task with compensationTime 0ms
2023-08-18T16:10:35.616+09:00  INFO 10128 --- [Eureka-EvictionTimer] c.n.e.registry.AbstractInstanceRegistry  : Running the evict task with compensationTime 0ms
2023-08-18T16:10:55.173+09:00  INFO 10128 --- [http-nio-8761-exec-4] c.n.e.registry.AbstractInstanceRegistry  : Registered instance SEMINHARHUB-CLOUD-GATEWAY-SERVER/192.168.56.1:80 with status UP (replication=false)
2023-08-18T16:11:35.617+09:00  INFO 10128 --- [Eureka-EvictionTimer] c.n.e.registry.AbstractInstanceRegistry  : Running the evict task with compensationTime 0ms
2023-08-18T16:12:35.531+09:00  INFO 10128 --- [ReplicaAwareInstanceRegistry - RenewalThresholdUpdater] c.n.e.r.PeerAwareInstanceRegistryImpl    : Current renewal threshold is : 5
2023-08-18T16:12:35.618+09:00  INFO 10128 --- [Eureka-EvictionTimer] c.n.e.registry.AbstractInstanceRegistry  : Running the evict task with compensationTime 0ms
2023-08-18T16:13:35.618+09:00  INFO 10128 --- [Eureka-EvictionTimer] c.n.e.registry.AbstractInstanceRegistry  : Running the evict task with compensationTime 0ms
2023-08-18T16:14:35.619+09:00  INFO 10128 --- [Eureka-EvictionTimer] c.n.e.registry.AbstractInstanceRegistry  : Running the evict task with compensationTime 0ms
2023-08-18T16:15:35.619+09:00  INFO 10128 --- [Eureka-EvictionTimer] c.n.e.registry.AbstractInstanceRegistry  : Running the evict task with compensationTime 0ms
2023-08-18T16:16:35.620+09:00  INFO 10128 --- [Eureka-EvictionTimer] c.n.e.registry.AbstractInstanceRegistry  : Running the evict task with compensationTime 0ms
2023-08-18T16:17:35.479+09:00  WARN 10128 --- [Eureka-PeerNodesUpdater] c.n.eureka.cluster.PeerEurekaNodes       : The replica size seems to be empty. Check the route 53 DNS Registry
2023-08-18T16:17:35.621+09:00  INFO 10128 --- [Eureka-EvictionTimer] c.n.e.registry.AbstractInstanceRegistry  : Running the evict task with compensationTime 1ms
2023-08-18T16:18:35.621+09:00  INFO 10128 --- [Eureka-EvictionTimer] c.n.e.registry.AbstractInstanceRegistry  : Running the evict task with compensationTime 0ms
2023-08-18T16:19:35.621+09:00  INFO 10128 --- [Eureka-EvictionTimer] c.n.e.registry.AbstractInstanceRegistry  : Running the evict task with compensationTime 0ms
2023-08-18T16:20:35.622+09:00  INFO 10128 --- [Eureka-EvictionTimer] c.n.e.registry.AbstractInstanceRegistry  : Running the evict task with compensationTime 0ms
2023-08-18T16:20:59.523+09:00  INFO 10128 --- [SpringApplicationShutdownHook] o.s.c.n.e.s.EurekaServiceRegistry        : Unregistering application SEMINARHUB-EUREKA-SERVER with eureka with status DOWN
2023-08-18T16:20:59.543+09:00  INFO 10128 --- [SpringApplicationShutdownHook] o.s.c.n.e.server.EurekaServerBootstrap   : Shutting down Eureka Server..
2023-08-18T16:20:59.547+09:00  INFO 10128 --- [SpringApplicationShutdownHook] c.n.eureka.DefaultEurekaServerContext    : Shutting down ...
2023-08-18T16:20:59.555+09:00  INFO 10128 --- [SpringApplicationShutdownHook] c.n.eureka.DefaultEurekaServerContext    : Shut down
2023-08-18T16:20:59.555+09:00  INFO 10128 --- [SpringApplicationShutdownHook] o.s.c.n.e.server.EurekaServerBootstrap   : Eureka Service is now shutdown...
2023-08-18T16:20:59.556+09:00  INFO 10128 --- [SpringApplicationShutdownHook] c.n.eureka.DefaultEurekaServerContext    : Shutting down ...
2023-08-18T16:20:59.561+09:00  INFO 10128 --- [SpringApplicationShutdownHook] c.n.eureka.DefaultEurekaServerContext    : Shut down
2023-08-18T16:20:59.567+09:00  INFO 10128 --- [SpringApplicationShutdownHook] com.netflix.discovery.DiscoveryClient    : Shutting down DiscoveryClient ...
2023-08-18T16:20:59.568+09:00  INFO 10128 --- [SpringApplicationShutdownHook] com.netflix.discovery.DiscoveryClient    : Completed shut down of DiscoveryClient
2023-08-18T18:35:43.367+09:00  INFO 21400 --- [main] com.seminarhub.SeminarHubEureka          : Starting SeminarHubEureka using Java 17.0.6 with PID 21400 (C:\Users\user\IdeaProjects\seminar-hub\seminarhub-eureka-server\out\production\classes started by user in C:\Users\user\IdeaProjects\seminar-hub)
2023-08-18T18:35:43.370+09:00  INFO 21400 --- [main] com.seminarhub.SeminarHubEureka          : No active profile set, falling back to 1 default profile: "default"
2023-08-18T18:35:44.226+09:00  INFO 21400 --- [main] o.s.cloud.context.scope.GenericScope     : BeanFactory id=a74f629e-ee6f-3a66-9517-d8a24232281a
2023-08-18T18:35:44.517+09:00  INFO 21400 --- [main] o.s.b.w.embedded.tomcat.TomcatWebServer  : Tomcat initialized with port(s): 8761 (http)
2023-08-18T18:35:44.529+09:00  INFO 21400 --- [main] o.apache.catalina.core.StandardService   : Starting service [Tomcat]
2023-08-18T18:35:44.529+09:00  INFO 21400 --- [main] o.apache.catalina.core.StandardEngine    : Starting Servlet engine: [Apache Tomcat/10.1.5]
2023-08-18T18:35:44.631+09:00  INFO 21400 --- [main] o.a.c.c.C.[Tomcat].[localhost].[/]       : Initializing Spring embedded WebApplicationContext
2023-08-18T18:35:44.632+09:00  INFO 21400 --- [main] w.s.c.ServletWebServerApplicationContext : Root WebApplicationContext: initialization completed in 1215 ms
2023-08-18T18:35:45.433+09:00  INFO 21400 --- [main] c.n.d.provider.DiscoveryJerseyProvider   : Using JSON encoding codec LegacyJacksonJson
2023-08-18T18:35:45.435+09:00  INFO 21400 --- [main] c.n.d.provider.DiscoveryJerseyProvider   : Using JSON decoding codec LegacyJacksonJson
2023-08-18T18:35:45.568+09:00  INFO 21400 --- [main] c.n.d.provider.DiscoveryJerseyProvider   : Using XML encoding codec XStreamXml
2023-08-18T18:35:45.568+09:00  INFO 21400 --- [main] c.n.d.provider.DiscoveryJerseyProvider   : Using XML decoding codec XStreamXml
2023-08-18T18:35:47.063+09:00  INFO 21400 --- [main] o.s.cloud.commons.util.InetUtils         : Cannot determine local hostname
2023-08-18T18:35:48.351+09:00  INFO 21400 --- [main] o.s.cloud.commons.util.InetUtils         : Cannot determine local hostname
2023-08-18T18:35:48.388+09:00  WARN 21400 --- [main] iguration$LoadBalancerCaffeineWarnLogger : Spring Cloud LoadBalancer is currently working with the default cache. While this cache implementation is useful for development and tests, it's recommended to use Caffeine cache in production.You can switch to using Caffeine cache, by adding it and org.springframework.cache.caffeine.CaffeineCacheManager to the classpath.
2023-08-18T18:35:48.406+09:00  INFO 21400 --- [main] o.s.c.n.eureka.InstanceInfoFactory       : Setting initial instance status as: STARTING
2023-08-18T18:35:48.432+09:00  INFO 21400 --- [main] com.netflix.discovery.DiscoveryClient    : Initializing Eureka in region us-east-1
2023-08-18T18:35:48.432+09:00  INFO 21400 --- [main] com.netflix.discovery.DiscoveryClient    : Client configured to neither register nor query for data.
2023-08-18T18:35:48.439+09:00  INFO 21400 --- [main] com.netflix.discovery.DiscoveryClient    : Discovery Client initialized at timestamp 1692351348439 with initial instances count: 0
2023-08-18T18:35:48.471+09:00  INFO 21400 --- [main] c.n.eureka.DefaultEurekaServerContext    : Initializing ...
2023-08-18T18:35:48.474+09:00  WARN 21400 --- [main] c.n.eureka.cluster.PeerEurekaNodes       : The replica size seems to be empty. Check the route 53 DNS Registry
2023-08-18T18:35:48.516+09:00  INFO 21400 --- [main] c.n.e.registry.AbstractInstanceRegistry  : Finished initializing remote region registries. All known remote regions: []
2023-08-18T18:35:48.517+09:00  INFO 21400 --- [main] c.n.eureka.DefaultEurekaServerContext    : Initialized
2023-08-18T18:35:48.525+09:00  INFO 21400 --- [main] o.s.b.a.e.web.EndpointLinksResolver      : Exposing 1 endpoint(s) beneath base path '/actuator'
2023-08-18T18:35:48.559+09:00  INFO 21400 --- [main] o.s.c.n.e.s.EurekaServiceRegistry        : Registering application SEMINARHUB-EUREKA-SERVER with eureka with status UP
2023-08-18T18:35:48.573+09:00  INFO 21400 --- [Thread-9] o.s.c.n.e.server.EurekaServerBootstrap   : isAws returned false
2023-08-18T18:35:48.574+09:00  INFO 21400 --- [Thread-9] o.s.c.n.e.server.EurekaServerBootstrap   : Initialized server context
2023-08-18T18:35:48.574+09:00  INFO 21400 --- [Thread-9] c.n.e.r.PeerAwareInstanceRegistryImpl    : Got 1 instances from neighboring DS node
2023-08-18T18:35:48.574+09:00  INFO 21400 --- [Thread-9] c.n.e.r.PeerAwareInstanceRegistryImpl    : Renew threshold is: 1
2023-08-18T18:35:48.574+09:00  INFO 21400 --- [Thread-9] c.n.e.r.PeerAwareInstanceRegistryImpl    : Changing status to UP
2023-08-18T18:35:48.581+09:00  INFO 21400 --- [Thread-9] e.s.EurekaServerInitializerConfiguration : Started Eureka Server
2023-08-18T18:35:48.584+09:00  INFO 21400 --- [main] o.s.b.w.embedded.tomcat.TomcatWebServer  : Tomcat started on port(s): 8761 (http) with context path ''
2023-08-18T18:35:48.585+09:00  INFO 21400 --- [main] .s.c.n.e.s.EurekaAutoServiceRegistration : Updating port to 8761
2023-08-18T18:35:49.679+09:00  INFO 21400 --- [main] o.s.cloud.commons.util.InetUtils         : Cannot determine local hostname
2023-08-18T18:35:49.692+09:00  INFO 21400 --- [main] com.seminarhub.SeminarHubEureka          : Started SeminarHubEureka in 7.868 seconds (process running for 8.253)
2023-08-18T18:35:57.632+09:00  INFO 21400 --- [http-nio-8761-exec-1] o.a.c.c.C.[Tomcat].[localhost].[/]       : Initializing Spring DispatcherServlet 'dispatcherServlet'
2023-08-18T18:35:57.633+09:00  INFO 21400 --- [http-nio-8761-exec-1] o.s.web.servlet.DispatcherServlet        : Initializing Servlet 'dispatcherServlet'
2023-08-18T18:35:57.634+09:00  INFO 21400 --- [http-nio-8761-exec-1] o.s.web.servlet.DispatcherServlet        : Completed initialization in 1 ms
2023-08-18T18:36:48.575+09:00  INFO 21400 --- [Eureka-EvictionTimer] c.n.e.registry.AbstractInstanceRegistry  : Running the evict task with compensationTime 0ms
2023-08-18T18:37:19.102+09:00  INFO 21400 --- [http-nio-8761-exec-4] c.n.e.registry.AbstractInstanceRegistry  : Registered instance SEMINHARHUB-CLOUD-GATEWAY-SERVER/192.168.56.1:80 with status UP (replication=false)
2023-08-18T18:37:48.575+09:00  INFO 21400 --- [Eureka-EvictionTimer] c.n.e.registry.AbstractInstanceRegistry  : Running the evict task with compensationTime 0ms
2023-08-18T18:38:23.743+09:00  INFO 21400 --- [SpringApplicationShutdownHook] o.s.c.n.e.s.EurekaServiceRegistry        : Unregistering application SEMINARHUB-EUREKA-SERVER with eureka with status DOWN
2023-08-18T18:38:23.763+09:00  INFO 21400 --- [SpringApplicationShutdownHook] o.s.c.n.e.server.EurekaServerBootstrap   : Shutting down Eureka Server..
2023-08-18T18:38:23.767+09:00  INFO 21400 --- [SpringApplicationShutdownHook] c.n.eureka.DefaultEurekaServerContext    : Shutting down ...
2023-08-18T18:38:23.774+09:00  INFO 21400 --- [SpringApplicationShutdownHook] c.n.eureka.DefaultEurekaServerContext    : Shut down
2023-08-18T18:38:23.774+09:00  INFO 21400 --- [SpringApplicationShutdownHook] o.s.c.n.e.server.EurekaServerBootstrap   : Eureka Service is now shutdown...
2023-08-18T18:38:23.775+09:00  INFO 21400 --- [SpringApplicationShutdownHook] c.n.eureka.DefaultEurekaServerContext    : Shutting down ...
2023-08-18T18:38:23.791+09:00  INFO 21400 --- [SpringApplicationShutdownHook] c.n.eureka.DefaultEurekaServerContext    : Shut down
2023-08-18T18:38:23.798+09:00  INFO 21400 --- [SpringApplicationShutdownHook] com.netflix.discovery.DiscoveryClient    : Shutting down DiscoveryClient ...
2023-08-18T18:38:23.799+09:00  INFO 21400 --- [SpringApplicationShutdownHook] com.netflix.discovery.DiscoveryClient    : Completed shut down of DiscoveryClient
2023-08-18T18:39:04.008+09:00  INFO 12196 --- [main] com.seminarhub.SeminarHubEureka          : Starting SeminarHubEureka using Java 17.0.6 with PID 12196 (C:\Users\user\IdeaProjects\seminar-hub\seminarhub-eureka-server\out\production\classes started by user in C:\Users\user\IdeaProjects\seminar-hub)
2023-08-18T18:39:04.011+09:00  INFO 12196 --- [main] com.seminarhub.SeminarHubEureka          : No active profile set, falling back to 1 default profile: "default"
2023-08-18T18:39:04.935+09:00  INFO 12196 --- [main] o.s.cloud.context.scope.GenericScope     : BeanFactory id=a74f629e-ee6f-3a66-9517-d8a24232281a
2023-08-18T18:39:05.237+09:00  INFO 12196 --- [main] o.s.b.w.embedded.tomcat.TomcatWebServer  : Tomcat initialized with port(s): 8761 (http)
2023-08-18T18:39:05.249+09:00  INFO 12196 --- [main] o.apache.catalina.core.StandardService   : Starting service [Tomcat]
2023-08-18T18:39:05.250+09:00  INFO 12196 --- [main] o.apache.catalina.core.StandardEngine    : Starting Servlet engine: [Apache Tomcat/10.1.5]
2023-08-18T18:39:05.376+09:00  INFO 12196 --- [main] o.a.c.c.C.[Tomcat].[localhost].[/]       : Initializing Spring embedded WebApplicationContext
2023-08-18T18:39:05.376+09:00  INFO 12196 --- [main] w.s.c.ServletWebServerApplicationContext : Root WebApplicationContext: initialization completed in 1318 ms
2023-08-18T18:39:06.204+09:00  INFO 12196 --- [main] c.n.d.provider.DiscoveryJerseyProvider   : Using JSON encoding codec LegacyJacksonJson
2023-08-18T18:39:06.206+09:00  INFO 12196 --- [main] c.n.d.provider.DiscoveryJerseyProvider   : Using JSON decoding codec LegacyJacksonJson
2023-08-18T18:39:06.338+09:00  INFO 12196 --- [main] c.n.d.provider.DiscoveryJerseyProvider   : Using XML encoding codec XStreamXml
2023-08-18T18:39:06.339+09:00  INFO 12196 --- [main] c.n.d.provider.DiscoveryJerseyProvider   : Using XML decoding codec XStreamXml
2023-08-18T18:39:07.864+09:00  INFO 12196 --- [main] o.s.cloud.commons.util.InetUtils         : Cannot determine local hostname
2023-08-18T18:39:09.168+09:00  INFO 12196 --- [main] o.s.cloud.commons.util.InetUtils         : Cannot determine local hostname
2023-08-18T18:39:09.207+09:00  WARN 12196 --- [main] iguration$LoadBalancerCaffeineWarnLogger : Spring Cloud LoadBalancer is currently working with the default cache. While this cache implementation is useful for development and tests, it's recommended to use Caffeine cache in production.You can switch to using Caffeine cache, by adding it and org.springframework.cache.caffeine.CaffeineCacheManager to the classpath.
2023-08-18T18:39:09.228+09:00  INFO 12196 --- [main] o.s.c.n.eureka.InstanceInfoFactory       : Setting initial instance status as: STARTING
2023-08-18T18:39:09.255+09:00  INFO 12196 --- [main] com.netflix.discovery.DiscoveryClient    : Initializing Eureka in region us-east-1
2023-08-18T18:39:09.256+09:00  INFO 12196 --- [main] com.netflix.discovery.DiscoveryClient    : Client configured to neither register nor query for data.
2023-08-18T18:39:09.264+09:00  INFO 12196 --- [main] com.netflix.discovery.DiscoveryClient    : Discovery Client initialized at timestamp 1692351549263 with initial instances count: 0
2023-08-18T18:39:09.301+09:00  INFO 12196 --- [main] c.n.eureka.DefaultEurekaServerContext    : Initializing ...
2023-08-18T18:39:09.303+09:00  WARN 12196 --- [main] c.n.eureka.cluster.PeerEurekaNodes       : The replica size seems to be empty. Check the route 53 DNS Registry
2023-08-18T18:39:09.344+09:00  INFO 12196 --- [main] c.n.e.registry.AbstractInstanceRegistry  : Finished initializing remote region registries. All known remote regions: []
2023-08-18T18:39:09.345+09:00  INFO 12196 --- [main] c.n.eureka.DefaultEurekaServerContext    : Initialized
2023-08-18T18:39:09.353+09:00  INFO 12196 --- [main] o.s.b.a.e.web.EndpointLinksResolver      : Exposing 1 endpoint(s) beneath base path '/actuator'
2023-08-18T18:39:09.387+09:00  INFO 12196 --- [main] o.s.c.n.e.s.EurekaServiceRegistry        : Registering application SEMINARHUB-EUREKA-SERVER with eureka with status UP
2023-08-18T18:39:09.400+09:00  INFO 12196 --- [Thread-9] o.s.c.n.e.server.EurekaServerBootstrap   : isAws returned false
2023-08-18T18:39:09.401+09:00  INFO 12196 --- [Thread-9] o.s.c.n.e.server.EurekaServerBootstrap   : Initialized server context
2023-08-18T18:39:09.401+09:00  INFO 12196 --- [Thread-9] c.n.e.r.PeerAwareInstanceRegistryImpl    : Got 1 instances from neighboring DS node
2023-08-18T18:39:09.401+09:00  INFO 12196 --- [Thread-9] c.n.e.r.PeerAwareInstanceRegistryImpl    : Renew threshold is: 1
2023-08-18T18:39:09.401+09:00  INFO 12196 --- [Thread-9] c.n.e.r.PeerAwareInstanceRegistryImpl    : Changing status to UP
2023-08-18T18:39:09.412+09:00  INFO 12196 --- [Thread-9] e.s.EurekaServerInitializerConfiguration : Started Eureka Server
2023-08-18T18:39:09.416+09:00  INFO 12196 --- [main] o.s.b.w.embedded.tomcat.TomcatWebServer  : Tomcat started on port(s): 8761 (http) with context path ''
2023-08-18T18:39:09.418+09:00  INFO 12196 --- [main] .s.c.n.e.s.EurekaAutoServiceRegistration : Updating port to 8761
2023-08-18T18:39:10.525+09:00  INFO 12196 --- [main] o.s.cloud.commons.util.InetUtils         : Cannot determine local hostname
2023-08-18T18:39:10.538+09:00  INFO 12196 --- [main] com.seminarhub.SeminarHubEureka          : Started SeminarHubEureka in 8.123 seconds (process running for 8.555)
2023-08-18T18:40:09.402+09:00  INFO 12196 --- [Eureka-EvictionTimer] c.n.e.registry.AbstractInstanceRegistry  : Running the evict task with compensationTime 0ms
2023-08-18T18:40:49.084+09:00  INFO 12196 --- [http-nio-8761-exec-1] o.a.c.c.C.[Tomcat].[localhost].[/]       : Initializing Spring DispatcherServlet 'dispatcherServlet'
2023-08-18T18:40:49.084+09:00  INFO 12196 --- [http-nio-8761-exec-1] o.s.web.servlet.DispatcherServlet        : Initializing Servlet 'dispatcherServlet'
2023-08-18T18:40:49.085+09:00  INFO 12196 --- [http-nio-8761-exec-1] o.s.web.servlet.DispatcherServlet        : Completed initialization in 1 ms
2023-08-18T18:40:49.305+09:00  INFO 12196 --- [http-nio-8761-exec-2] c.n.e.registry.AbstractInstanceRegistry  : Registered instance SEMINHARHUB-CLOUD-GATEWAY-SERVER/192.168.56.1:80 with status UP (replication=false)
2023-08-18T18:41:09.403+09:00  INFO 12196 --- [Eureka-EvictionTimer] c.n.e.registry.AbstractInstanceRegistry  : Running the evict task with compensationTime 0ms
2023-08-18T18:42:09.404+09:00  INFO 12196 --- [Eureka-EvictionTimer] c.n.e.registry.AbstractInstanceRegistry  : Running the evict task with compensationTime 0ms
2023-08-18T18:42:45.228+09:00  INFO 12196 --- [SpringApplicationShutdownHook] o.s.c.n.e.s.EurekaServiceRegistry        : Unregistering application SEMINARHUB-EUREKA-SERVER with eureka with status DOWN
2023-08-18T18:42:45.248+09:00  INFO 12196 --- [SpringApplicationShutdownHook] o.s.c.n.e.server.EurekaServerBootstrap   : Shutting down Eureka Server..
2023-08-18T18:42:45.251+09:00  INFO 12196 --- [SpringApplicationShutdownHook] c.n.eureka.DefaultEurekaServerContext    : Shutting down ...
2023-08-18T18:42:45.265+09:00  INFO 12196 --- [SpringApplicationShutdownHook] c.n.eureka.DefaultEurekaServerContext    : Shut down
2023-08-18T18:42:45.265+09:00  INFO 12196 --- [SpringApplicationShutdownHook] o.s.c.n.e.server.EurekaServerBootstrap   : Eureka Service is now shutdown...
2023-08-18T18:42:45.266+09:00  INFO 12196 --- [SpringApplicationShutdownHook] c.n.eureka.DefaultEurekaServerContext    : Shutting down ...
2023-08-18T18:42:45.271+09:00  INFO 12196 --- [SpringApplicationShutdownHook] c.n.eureka.DefaultEurekaServerContext    : Shut down
2023-08-18T18:42:45.277+09:00  INFO 12196 --- [SpringApplicationShutdownHook] com.netflix.discovery.DiscoveryClient    : Shutting down DiscoveryClient ...
2023-08-18T18:42:45.278+09:00  INFO 12196 --- [SpringApplicationShutdownHook] com.netflix.discovery.DiscoveryClient    : Completed shut down of DiscoveryClient
2023-08-18T18:43:29.143+09:00  INFO 9004 --- [main] com.seminarhub.SeminarHubEureka          : Starting SeminarHubEureka using Java 17.0.6 with PID 9004 (C:\Users\user\IdeaProjects\seminar-hub\seminarhub-eureka-server\out\production\classes started by user in C:\Users\user\IdeaProjects\seminar-hub)
2023-08-18T18:43:29.145+09:00  INFO 9004 --- [main] com.seminarhub.SeminarHubEureka          : No active profile set, falling back to 1 default profile: "default"
2023-08-18T18:43:30.046+09:00  INFO 9004 --- [main] o.s.cloud.context.scope.GenericScope     : BeanFactory id=a74f629e-ee6f-3a66-9517-d8a24232281a
2023-08-18T18:43:30.344+09:00  INFO 9004 --- [main] o.s.b.w.embedded.tomcat.TomcatWebServer  : Tomcat initialized with port(s): 8761 (http)
2023-08-18T18:43:30.354+09:00  INFO 9004 --- [main] o.apache.catalina.core.StandardService   : Starting service [Tomcat]
2023-08-18T18:43:30.354+09:00  INFO 9004 --- [main] o.apache.catalina.core.StandardEngine    : Starting Servlet engine: [Apache Tomcat/10.1.5]
2023-08-18T18:43:30.476+09:00  INFO 9004 --- [main] o.a.c.c.C.[Tomcat].[localhost].[/]       : Initializing Spring embedded WebApplicationContext
2023-08-18T18:43:30.477+09:00  INFO 9004 --- [main] w.s.c.ServletWebServerApplicationContext : Root WebApplicationContext: initialization completed in 1288 ms
2023-08-18T18:43:31.284+09:00  INFO 9004 --- [main] c.n.d.provider.DiscoveryJerseyProvider   : Using JSON encoding codec LegacyJacksonJson
2023-08-18T18:43:31.285+09:00  INFO 9004 --- [main] c.n.d.provider.DiscoveryJerseyProvider   : Using JSON decoding codec LegacyJacksonJson
2023-08-18T18:43:31.417+09:00  INFO 9004 --- [main] c.n.d.provider.DiscoveryJerseyProvider   : Using XML encoding codec XStreamXml
2023-08-18T18:43:31.418+09:00  INFO 9004 --- [main] c.n.d.provider.DiscoveryJerseyProvider   : Using XML decoding codec XStreamXml
2023-08-18T18:43:32.937+09:00  INFO 9004 --- [main] o.s.cloud.commons.util.InetUtils         : Cannot determine local hostname
2023-08-18T18:43:34.254+09:00  INFO 9004 --- [main] o.s.cloud.commons.util.InetUtils         : Cannot determine local hostname
2023-08-18T18:43:34.291+09:00  WARN 9004 --- [main] iguration$LoadBalancerCaffeineWarnLogger : Spring Cloud LoadBalancer is currently working with the default cache. While this cache implementation is useful for development and tests, it's recommended to use Caffeine cache in production.You can switch to using Caffeine cache, by adding it and org.springframework.cache.caffeine.CaffeineCacheManager to the classpath.
2023-08-18T18:43:34.308+09:00  INFO 9004 --- [main] o.s.c.n.eureka.InstanceInfoFactory       : Setting initial instance status as: STARTING
2023-08-18T18:43:34.335+09:00  INFO 9004 --- [main] com.netflix.discovery.DiscoveryClient    : Initializing Eureka in region us-east-1
2023-08-18T18:43:34.336+09:00  INFO 9004 --- [main] com.netflix.discovery.DiscoveryClient    : Client configured to neither register nor query for data.
2023-08-18T18:43:34.344+09:00  INFO 9004 --- [main] com.netflix.discovery.DiscoveryClient    : Discovery Client initialized at timestamp 1692351814343 with initial instances count: 0
2023-08-18T18:43:34.377+09:00  INFO 9004 --- [main] c.n.eureka.DefaultEurekaServerContext    : Initializing ...
2023-08-18T18:43:34.379+09:00  WARN 9004 --- [main] c.n.eureka.cluster.PeerEurekaNodes       : The replica size seems to be empty. Check the route 53 DNS Registry
2023-08-18T18:43:34.420+09:00  INFO 9004 --- [main] c.n.e.registry.AbstractInstanceRegistry  : Finished initializing remote region registries. All known remote regions: []
2023-08-18T18:43:34.421+09:00  INFO 9004 --- [main] c.n.eureka.DefaultEurekaServerContext    : Initialized
2023-08-18T18:43:34.429+09:00  INFO 9004 --- [main] o.s.b.a.e.web.EndpointLinksResolver      : Exposing 1 endpoint(s) beneath base path '/actuator'
2023-08-18T18:43:34.465+09:00  INFO 9004 --- [main] o.s.c.n.e.s.EurekaServiceRegistry        : Registering application SEMINARHUB-EUREKA-SERVER with eureka with status UP
2023-08-18T18:43:34.478+09:00  INFO 9004 --- [Thread-9] o.s.c.n.e.server.EurekaServerBootstrap   : isAws returned false
2023-08-18T18:43:34.479+09:00  INFO 9004 --- [Thread-9] o.s.c.n.e.server.EurekaServerBootstrap   : Initialized server context
2023-08-18T18:43:34.479+09:00  INFO 9004 --- [Thread-9] c.n.e.r.PeerAwareInstanceRegistryImpl    : Got 1 instances from neighboring DS node
2023-08-18T18:43:34.479+09:00  INFO 9004 --- [Thread-9] c.n.e.r.PeerAwareInstanceRegistryImpl    : Renew threshold is: 1
2023-08-18T18:43:34.479+09:00  INFO 9004 --- [Thread-9] c.n.e.r.PeerAwareInstanceRegistryImpl    : Changing status to UP
2023-08-18T18:43:34.487+09:00  INFO 9004 --- [Thread-9] e.s.EurekaServerInitializerConfiguration : Started Eureka Server
2023-08-18T18:43:34.493+09:00  INFO 9004 --- [main] o.s.b.w.embedded.tomcat.TomcatWebServer  : Tomcat started on port(s): 8761 (http) with context path ''
2023-08-18T18:43:34.494+09:00  INFO 9004 --- [main] .s.c.n.e.s.EurekaAutoServiceRegistration : Updating port to 8761
2023-08-18T18:43:35.596+09:00  INFO 9004 --- [main] o.s.cloud.commons.util.InetUtils         : Cannot determine local hostname
2023-08-18T18:43:35.610+09:00  INFO 9004 --- [main] com.seminarhub.SeminarHubEureka          : Started SeminarHubEureka in 8.055 seconds (process running for 8.479)
2023-08-18T18:43:53.192+09:00  INFO 9004 --- [http-nio-8761-exec-1] o.a.c.c.C.[Tomcat].[localhost].[/]       : Initializing Spring DispatcherServlet 'dispatcherServlet'
2023-08-18T18:43:53.192+09:00  INFO 9004 --- [http-nio-8761-exec-1] o.s.web.servlet.DispatcherServlet        : Initializing Servlet 'dispatcherServlet'
2023-08-18T18:43:53.193+09:00  INFO 9004 --- [http-nio-8761-exec-1] o.s.web.servlet.DispatcherServlet        : Completed initialization in 1 ms
2023-08-18T18:43:53.405+09:00  INFO 9004 --- [http-nio-8761-exec-2] c.n.e.registry.AbstractInstanceRegistry  : Registered instance SEMINARHUB-MEMBER-API-SERVER-DEV/192.168.56.1:66dd9f79cb6efa96c8fa890b0064d99d with status UP (replication=false)
2023-08-18T18:44:34.480+09:00  INFO 9004 --- [Eureka-EvictionTimer] c.n.e.registry.AbstractInstanceRegistry  : Running the evict task with compensationTime 0ms
2023-08-18T18:45:34.480+09:00  INFO 9004 --- [Eureka-EvictionTimer] c.n.e.registry.AbstractInstanceRegistry  : Running the evict task with compensationTime 0ms
2023-08-18T18:46:34.481+09:00  INFO 9004 --- [Eureka-EvictionTimer] c.n.e.registry.AbstractInstanceRegistry  : Running the evict task with compensationTime 0ms
2023-08-18T18:46:58.053+09:00  INFO 9004 --- [http-nio-8761-exec-6] c.n.e.registry.AbstractInstanceRegistry  : Registered instance SEMINHARHUB-CLOUD-GATEWAY-SERVER/192.168.56.1:80 with status UP (replication=false)
2023-08-18T18:47:34.481+09:00  INFO 9004 --- [Eureka-EvictionTimer] c.n.e.registry.AbstractInstanceRegistry  : Running the evict task with compensationTime 0ms
2023-08-18T18:48:34.482+09:00  INFO 9004 --- [Eureka-EvictionTimer] c.n.e.registry.AbstractInstanceRegistry  : Running the evict task with compensationTime 0ms
2023-08-18T18:49:34.482+09:00  INFO 9004 --- [Eureka-EvictionTimer] c.n.e.registry.AbstractInstanceRegistry  : Running the evict task with compensationTime 0ms
2023-08-18T18:50:15.620+09:00  INFO 9004 --- [http-nio-8761-exec-3] c.n.e.registry.AbstractInstanceRegistry  : Cancelled instance SEMINARHUB-MEMBER-API-SERVER-DEV/192.168.56.1:66dd9f79cb6efa96c8fa890b0064d99d (replication=false)
2023-08-18T18:50:15.663+09:00  INFO 9004 --- [http-nio-8761-exec-5] c.n.e.registry.AbstractInstanceRegistry  : Registered instance SEMINARHUB-MEMBER-API-SERVER-DEV/192.168.56.1:3f0ea701e6990f6ace9157304da9b784 with status UP (replication=false)
2023-08-18T18:50:15.668+09:00  INFO 9004 --- [http-nio-8761-exec-6] c.n.e.registry.AbstractInstanceRegistry  : Registered instance SEMINARHUB-MEMBER-API-SERVER-DEV/192.168.56.1:3f0ea701e6990f6ace9157304da9b784 with status UP (replication=false)
2023-08-18T18:50:34.483+09:00  INFO 9004 --- [Eureka-EvictionTimer] c.n.e.registry.AbstractInstanceRegistry  : Running the evict task with compensationTime 0ms
2023-08-18T18:51:19.435+09:00  INFO 9004 --- [http-nio-8761-exec-9] c.n.e.registry.AbstractInstanceRegistry  : Registered instance SEMINARHUB-MEMBER-API-SERVER-DEV/192.168.56.1:3f0ea701e6990f6ace9157304da9b784 with status DOWN (replication=false)
2023-08-18T18:51:22.457+09:00  INFO 9004 --- [http-nio-8761-exec-10] c.n.e.registry.AbstractInstanceRegistry  : Cancelled instance SEMINARHUB-MEMBER-API-SERVER-DEV/192.168.56.1:3f0ea701e6990f6ace9157304da9b784 (replication=false)
2023-08-18T18:51:32.903+09:00  INFO 9004 --- [http-nio-8761-exec-6] c.n.e.registry.AbstractInstanceRegistry  : Registered instance SEMINARHUB-MEMBER-API-SERVER-DEV/192.168.56.1:10cf044646653b700e450079f899b70e with status UP (replication=false)
2023-08-18T18:51:34.483+09:00  INFO 9004 --- [Eureka-EvictionTimer] c.n.e.registry.AbstractInstanceRegistry  : Running the evict task with compensationTime 0ms
2023-08-18T18:52:06.845+09:00  INFO 9004 --- [http-nio-8761-exec-1] c.n.e.registry.AbstractInstanceRegistry  : Cancelled instance SEMINARHUB-MEMBER-API-SERVER-DEV/192.168.56.1:10cf044646653b700e450079f899b70e (replication=false)
2023-08-18T18:52:06.892+09:00  INFO 9004 --- [http-nio-8761-exec-4] c.n.e.registry.AbstractInstanceRegistry  : Registered instance SEMINARHUB-MEMBER-API-SERVER-DEV/192.168.56.1:845caa0e8f4cb79fca404e2b551bd650 with status UP (replication=false)
2023-08-18T18:52:06.897+09:00  INFO 9004 --- [http-nio-8761-exec-5] c.n.e.registry.AbstractInstanceRegistry  : Registered instance SEMINARHUB-MEMBER-API-SERVER-DEV/192.168.56.1:845caa0e8f4cb79fca404e2b551bd650 with status UP (replication=false)
2023-08-18T18:52:34.484+09:00  INFO 9004 --- [Eureka-EvictionTimer] c.n.e.registry.AbstractInstanceRegistry  : Running the evict task with compensationTime 0ms
2023-08-18T18:53:34.382+09:00  WARN 9004 --- [Eureka-PeerNodesUpdater] c.n.eureka.cluster.PeerEurekaNodes       : The replica size seems to be empty. Check the route 53 DNS Registry
2023-08-18T18:53:34.485+09:00  INFO 9004 --- [Eureka-EvictionTimer] c.n.e.registry.AbstractInstanceRegistry  : Running the evict task with compensationTime 0ms
2023-08-18T18:54:34.485+09:00  INFO 9004 --- [Eureka-EvictionTimer] c.n.e.registry.AbstractInstanceRegistry  : Running the evict task with compensationTime 0ms
2023-08-18T18:54:51.828+09:00  INFO 9004 --- [http-nio-8761-exec-7] c.n.e.registry.AbstractInstanceRegistry  : Registered instance SEMINARHUB-MEMBER-API-SERVER-DEV/192.168.56.1:845caa0e8f4cb79fca404e2b551bd650 with status DOWN (replication=false)
2023-08-18T18:54:54.849+09:00  INFO 9004 --- [http-nio-8761-exec-8] c.n.e.registry.AbstractInstanceRegistry  : Cancelled instance SEMINARHUB-MEMBER-API-SERVER-DEV/192.168.56.1:845caa0e8f4cb79fca404e2b551bd650 (replication=false)
2023-08-18T18:55:34.485+09:00  INFO 9004 --- [Eureka-EvictionTimer] c.n.e.registry.AbstractInstanceRegistry  : Running the evict task with compensationTime 0ms
2023-08-18T18:56:34.486+09:00  INFO 9004 --- [Eureka-EvictionTimer] c.n.e.registry.AbstractInstanceRegistry  : Running the evict task with compensationTime 0ms
2023-08-18T18:57:34.487+09:00  INFO 9004 --- [Eureka-EvictionTimer] c.n.e.registry.AbstractInstanceRegistry  : Running the evict task with compensationTime 0ms
2023-08-18T18:58:34.420+09:00  INFO 9004 --- [ReplicaAwareInstanceRegistry - RenewalThresholdUpdater] c.n.e.r.PeerAwareInstanceRegistryImpl    : Current renewal threshold is : 3
2023-08-18T18:58:34.487+09:00  INFO 9004 --- [Eureka-EvictionTimer] c.n.e.registry.AbstractInstanceRegistry  : Running the evict task with compensationTime 0ms
2023-08-18T18:59:34.488+09:00  INFO 9004 --- [Eureka-EvictionTimer] c.n.e.registry.AbstractInstanceRegistry  : Running the evict task with compensationTime 0ms
2023-08-18T19:00:34.488+09:00  INFO 9004 --- [Eureka-EvictionTimer] c.n.e.registry.AbstractInstanceRegistry  : Running the evict task with compensationTime 0ms
2023-08-18T19:01:34.488+09:00  INFO 9004 --- [Eureka-EvictionTimer] c.n.e.registry.AbstractInstanceRegistry  : Running the evict task with compensationTime 0ms
2023-08-18T19:02:34.488+09:00  INFO 9004 --- [Eureka-EvictionTimer] c.n.e.registry.AbstractInstanceRegistry  : Running the evict task with compensationTime 0ms
2023-08-18T19:03:34.382+09:00  WARN 9004 --- [Eureka-PeerNodesUpdater] c.n.eureka.cluster.PeerEurekaNodes       : The replica size seems to be empty. Check the route 53 DNS Registry
2023-08-18T19:03:34.488+09:00  INFO 9004 --- [Eureka-EvictionTimer] c.n.e.registry.AbstractInstanceRegistry  : Running the evict task with compensationTime 0ms
2023-08-18T19:04:22.509+09:00  INFO 9004 --- [http-nio-8761-exec-8] c.n.e.registry.AbstractInstanceRegistry  : Registered instance SEMINARHUB-MEMBER-API-SERVER-DEV/192.168.56.1:0def6074875dc06eb9029c5f5ff52f97 with status UP (replication=false)
2023-08-18T19:04:34.489+09:00  INFO 9004 --- [Eureka-EvictionTimer] c.n.e.registry.AbstractInstanceRegistry  : Running the evict task with compensationTime 0ms
2023-08-18T19:05:34.489+09:00  INFO 9004 --- [Eureka-EvictionTimer] c.n.e.registry.AbstractInstanceRegistry  : Running the evict task with compensationTime 0ms
2023-08-18T19:05:41.193+09:00  INFO 9004 --- [http-nio-8761-exec-4] c.n.e.registry.AbstractInstanceRegistry  : Registered instance SEMINHARHUB-CLOUD-GATEWAY-SERVER/192.168.56.1:80 with status DOWN (replication=false)
2023-08-18T19:05:46.232+09:00  INFO 9004 --- [http-nio-8761-exec-5] c.n.e.registry.AbstractInstanceRegistry  : Cancelled instance SEMINHARHUB-CLOUD-GATEWAY-SERVER/192.168.56.1:80 (replication=false)
2023-08-18T19:05:55.201+09:00  INFO 9004 --- [http-nio-8761-exec-2] c.n.e.registry.AbstractInstanceRegistry  : Registered instance SEMINHARHUB-CLOUD-GATEWAY-SERVER/192.168.56.1:80 with status UP (replication=false)
2023-08-18T19:06:34.490+09:00  INFO 9004 --- [Eureka-EvictionTimer] c.n.e.registry.AbstractInstanceRegistry  : Running the evict task with compensationTime 0ms
2023-08-18T19:07:34.491+09:00  INFO 9004 --- [Eureka-EvictionTimer] c.n.e.registry.AbstractInstanceRegistry  : Running the evict task with compensationTime 0ms
2023-08-18T19:08:19.381+09:00  INFO 9004 --- [http-nio-8761-exec-8] c.n.e.registry.AbstractInstanceRegistry  : Registered instance SEMINARHUB-MEMBER-API-SERVER-DEV/192.168.56.1:0def6074875dc06eb9029c5f5ff52f97 with status DOWN (replication=false)
2023-08-18T19:08:22.403+09:00  INFO 9004 --- [http-nio-8761-exec-10] c.n.e.registry.AbstractInstanceRegistry  : Cancelled instance SEMINARHUB-MEMBER-API-SERVER-DEV/192.168.56.1:0def6074875dc06eb9029c5f5ff52f97 (replication=false)
2023-08-18T19:08:34.492+09:00  INFO 9004 --- [Eureka-EvictionTimer] c.n.e.registry.AbstractInstanceRegistry  : Running the evict task with compensationTime 0ms
2023-08-18T19:09:34.493+09:00  INFO 9004 --- [Eureka-EvictionTimer] c.n.e.registry.AbstractInstanceRegistry  : Running the evict task with compensationTime 0ms
2023-08-18T19:10:34.493+09:00  INFO 9004 --- [Eureka-EvictionTimer] c.n.e.registry.AbstractInstanceRegistry  : Running the evict task with compensationTime 0ms
2023-08-18T19:11:34.494+09:00  INFO 9004 --- [Eureka-EvictionTimer] c.n.e.registry.AbstractInstanceRegistry  : Running the evict task with compensationTime 0ms
2023-08-18T19:12:34.494+09:00  INFO 9004 --- [Eureka-EvictionTimer] c.n.e.registry.AbstractInstanceRegistry  : Running the evict task with compensationTime 0ms
2023-08-18T19:13:34.384+09:00  WARN 9004 --- [Eureka-PeerNodesUpdater] c.n.eureka.cluster.PeerEurekaNodes       : The replica size seems to be empty. Check the route 53 DNS Registry
2023-08-18T19:13:34.421+09:00  INFO 9004 --- [ReplicaAwareInstanceRegistry - RenewalThresholdUpdater] c.n.e.r.PeerAwareInstanceRegistryImpl    : Current renewal threshold is : 3
2023-08-18T19:13:34.495+09:00  INFO 9004 --- [Eureka-EvictionTimer] c.n.e.registry.AbstractInstanceRegistry  : Running the evict task with compensationTime 0ms
2023-08-18T19:14:34.495+09:00  INFO 9004 --- [Eureka-EvictionTimer] c.n.e.registry.AbstractInstanceRegistry  : Running the evict task with compensationTime 0ms
2023-08-18T19:15:34.496+09:00  INFO 9004 --- [Eureka-EvictionTimer] c.n.e.registry.AbstractInstanceRegistry  : Running the evict task with compensationTime 0ms
2023-08-18T19:16:34.496+09:00  INFO 9004 --- [Eureka-EvictionTimer] c.n.e.registry.AbstractInstanceRegistry  : Running the evict task with compensationTime 0ms
2023-08-18T19:16:45.324+09:00  INFO 9004 --- [http-nio-8761-exec-10] c.n.e.registry.AbstractInstanceRegistry  : Registered instance SEMINARHUB-MEMBER-API-SERVER-DEV/192.168.56.1:eb574693010c273a6e13a463ff2d8cce with status UP (replication=false)
2023-08-18T19:17:00.686+09:00  INFO 9004 --- [http-nio-8761-exec-3] c.n.e.registry.AbstractInstanceRegistry  : Registered instance SEMINARHUB-MEMBER-API-SERVER-DEV/192.168.56.1:eb574693010c273a6e13a463ff2d8cce with status DOWN (replication=false)
2023-08-18T19:17:03.707+09:00  INFO 9004 --- [http-nio-8761-exec-4] c.n.e.registry.AbstractInstanceRegistry  : Cancelled instance SEMINARHUB-MEMBER-API-SERVER-DEV/192.168.56.1:eb574693010c273a6e13a463ff2d8cce (replication=false)
2023-08-18T19:17:25.605+09:00  INFO 9004 --- [http-nio-8761-exec-10] c.n.e.registry.AbstractInstanceRegistry  : Registered instance SEMINARHUB-MEMBER-API-SERVER-DEV/192.168.56.1:e15c38802cdab41b6adc4e56d788e368 with status UP (replication=false)
2023-08-18T19:17:34.496+09:00  INFO 9004 --- [Eureka-EvictionTimer] c.n.e.registry.AbstractInstanceRegistry  : Running the evict task with compensationTime 0ms
2023-08-18T19:18:34.497+09:00  INFO 9004 --- [Eureka-EvictionTimer] c.n.e.registry.AbstractInstanceRegistry  : Running the evict task with compensationTime 0ms
2023-08-18T19:19:25.615+09:00  INFO 9004 --- [http-nio-8761-exec-4] c.n.e.registry.AbstractInstanceRegistry  : Cancelled instance SEMINARHUB-MEMBER-API-SERVER-DEV/192.168.56.1:e15c38802cdab41b6adc4e56d788e368 (replication=false)
2023-08-18T19:19:25.662+09:00  INFO 9004 --- [http-nio-8761-exec-7] c.n.e.registry.AbstractInstanceRegistry  : Registered instance SEMINARHUB-MEMBER-API-SERVER-DEV/192.168.56.1:0 with status UP (replication=false)
2023-08-18T19:19:25.666+09:00  INFO 9004 --- [http-nio-8761-exec-6] c.n.e.registry.AbstractInstanceRegistry  : Registered instance SEMINARHUB-MEMBER-API-SERVER-DEV/192.168.56.1:0 with status UP (replication=false)
2023-08-18T19:19:34.498+09:00  INFO 9004 --- [Eureka-EvictionTimer] c.n.e.registry.AbstractInstanceRegistry  : Running the evict task with compensationTime 0ms
2023-08-18T19:20:17.758+09:00  INFO 9004 --- [http-nio-8761-exec-10] c.n.e.registry.AbstractInstanceRegistry  : Registered instance SEMINHARHUB-CLOUD-GATEWAY-SERVER/192.168.56.1:80 with status DOWN (replication=false)
2023-08-18T19:20:22.791+09:00  INFO 9004 --- [http-nio-8761-exec-2] c.n.e.registry.AbstractInstanceRegistry  : Cancelled instance SEMINHARHUB-CLOUD-GATEWAY-SERVER/192.168.56.1:80 (replication=false)
2023-08-18T19:20:32.033+09:00  INFO 9004 --- [http-nio-8761-exec-9] c.n.e.registry.AbstractInstanceRegistry  : Registered instance SEMINHARHUB-CLOUD-GATEWAY-SERVER/192.168.56.1:80 with status UP (replication=false)
2023-08-18T19:20:34.499+09:00  INFO 9004 --- [Eureka-EvictionTimer] c.n.e.registry.AbstractInstanceRegistry  : Running the evict task with compensationTime 0ms
2023-08-18T19:21:34.500+09:00  INFO 9004 --- [Eureka-EvictionTimer] c.n.e.registry.AbstractInstanceRegistry  : Running the evict task with compensationTime 0ms
2023-08-18T19:22:34.500+09:00  INFO 9004 --- [Eureka-EvictionTimer] c.n.e.registry.AbstractInstanceRegistry  : Running the evict task with compensationTime 0ms
2023-08-18T19:23:34.385+09:00  WARN 9004 --- [Eureka-PeerNodesUpdater] c.n.eureka.cluster.PeerEurekaNodes       : The replica size seems to be empty. Check the route 53 DNS Registry
2023-08-18T19:23:34.501+09:00  INFO 9004 --- [Eureka-EvictionTimer] c.n.e.registry.AbstractInstanceRegistry  : Running the evict task with compensationTime 0ms
2023-08-18T19:24:34.501+09:00  INFO 9004 --- [Eureka-EvictionTimer] c.n.e.registry.AbstractInstanceRegistry  : Running the evict task with compensationTime 0ms
2023-08-18T19:24:43.411+09:00  INFO 9004 --- [http-nio-8761-exec-4] c.n.e.registry.AbstractInstanceRegistry  : Registered instance SEMINARHUB-MEMBER-API-SERVER-DEV/192.168.56.1:0 with status DOWN (replication=false)
2023-08-18T19:24:43.441+09:00  INFO 9004 --- [SpringApplicationShutdownHook] o.s.c.n.e.s.EurekaServiceRegistry        : Unregistering application SEMINARHUB-EUREKA-SERVER with eureka with status DOWN
2023-08-18T19:24:43.463+09:00  INFO 9004 --- [SpringApplicationShutdownHook] o.s.c.n.e.server.EurekaServerBootstrap   : Shutting down Eureka Server..
2023-08-18T19:24:43.467+09:00  INFO 9004 --- [SpringApplicationShutdownHook] c.n.eureka.DefaultEurekaServerContext    : Shutting down ...
2023-08-18T19:24:43.474+09:00  INFO 9004 --- [SpringApplicationShutdownHook] c.n.eureka.DefaultEurekaServerContext    : Shut down
2023-08-18T19:24:43.475+09:00  INFO 9004 --- [SpringApplicationShutdownHook] o.s.c.n.e.server.EurekaServerBootstrap   : Eureka Service is now shutdown...
2023-08-18T19:24:43.475+09:00  INFO 9004 --- [SpringApplicationShutdownHook] c.n.eureka.DefaultEurekaServerContext    : Shutting down ...
2023-08-18T19:24:43.482+09:00  INFO 9004 --- [SpringApplicationShutdownHook] c.n.eureka.DefaultEurekaServerContext    : Shut down
2023-08-18T19:24:43.487+09:00  INFO 9004 --- [SpringApplicationShutdownHook] com.netflix.discovery.DiscoveryClient    : Shutting down DiscoveryClient ...
2023-08-18T19:24:43.488+09:00  INFO 9004 --- [SpringApplicationShutdownHook] com.netflix.discovery.DiscoveryClient    : Completed shut down of DiscoveryClient
